c:\users\jaime vicente arroyo\desktop\c0s1t4s\universidad\2º\tpv2\entrega\holasdl\x64\debug\vc143.pdb
c:\users\jaime vicente arroyo\desktop\c0s1t4s\universidad\2º\tpv2\entrega\holasdl\x64\debug\vc143.idb
c:\users\jaime vicente arroyo\desktop\c0s1t4s\universidad\2º\tpv2\entrega\holasdl\x64\debug\ufo.obj
c:\users\jaime vicente arroyo\desktop\c0s1t4s\universidad\2º\tpv2\entrega\holasdl\x64\debug\texture.obj
c:\users\jaime vicente arroyo\desktop\c0s1t4s\universidad\2º\tpv2\entrega\holasdl\x64\debug\shooteralien.obj
c:\users\jaime vicente arroyo\desktop\c0s1t4s\universidad\2º\tpv2\entrega\holasdl\x64\debug\sdlerror.obj
c:\users\jaime vicente arroyo\desktop\c0s1t4s\universidad\2º\tpv2\entrega\holasdl\x64\debug\sceneobject.obj
c:\users\jaime vicente arroyo\desktop\c0s1t4s\universidad\2º\tpv2\entrega\holasdl\x64\debug\mothership.obj
c:\users\jaime vicente arroyo\desktop\c0s1t4s\universidad\2º\tpv2\entrega\holasdl\x64\debug\main.obj
c:\users\jaime vicente arroyo\desktop\c0s1t4s\universidad\2º\tpv2\entrega\holasdl\x64\debug\laser.obj
c:\users\jaime vicente arroyo\desktop\c0s1t4s\universidad\2º\tpv2\entrega\holasdl\x64\debug\invaderserror.obj
c:\users\jaime vicente arroyo\desktop\c0s1t4s\universidad\2º\tpv2\entrega\holasdl\x64\debug\gameobject.obj
c:\users\jaime vicente arroyo\desktop\c0s1t4s\universidad\2º\tpv2\entrega\holasdl\x64\debug\game.obj
c:\users\jaime vicente arroyo\desktop\c0s1t4s\universidad\2º\tpv2\entrega\holasdl\x64\debug\filenotfounderror.obj
c:\users\jaime vicente arroyo\desktop\c0s1t4s\universidad\2º\tpv2\entrega\holasdl\x64\debug\fileformaterror.obj
c:\users\jaime vicente arroyo\desktop\c0s1t4s\universidad\2º\tpv2\entrega\holasdl\x64\debug\cannon.obj
c:\users\jaime vicente arroyo\desktop\c0s1t4s\universidad\2º\tpv2\entrega\holasdl\x64\debug\bunker.obj
c:\users\jaime vicente arroyo\desktop\c0s1t4s\universidad\2º\tpv2\entrega\holasdl\x64\debug\alien.obj
c:\users\jaime vicente arroyo\desktop\c0s1t4s\universidad\2º\tpv2\entrega\bin\holasdldebug.exe
c:\users\jaime vicente arroyo\desktop\c0s1t4s\universidad\2º\tpv2\entrega\holasdl\x64\debug\holasdldebug.ilk
c:\users\jaime vicente arroyo\desktop\c0s1t4s\universidad\2º\tpv2\entrega\bin\holasdldebug.pdb
c:\users\jaime vicente arroyo\desktop\c0s1t4s\universidad\2º\tpv2\entrega\holasdl\x64\debug\game.obj.enc
c:\users\jaime vicente arroyo\desktop\c0s1t4s\universidad\2º\tpv2\entrega\holasdl\x64\debug\mothership.obj.enc
c:\users\jaime vicente arroyo\desktop\c0s1t4s\universidad\2º\tpv2\entrega\holasdl\x64\debug\ufo.obj.enc
c:\users\jaime vicente arroyo\desktop\c0s1t4s\universidad\2º\tpv2\entrega\holasdl\x64\debug\holasdl.tlog\cl.command.1.tlog
c:\users\jaime vicente arroyo\desktop\c0s1t4s\universidad\2º\tpv2\entrega\holasdl\x64\debug\holasdl.tlog\cl.items.tlog
c:\users\jaime vicente arroyo\desktop\c0s1t4s\universidad\2º\tpv2\entrega\holasdl\x64\debug\holasdl.tlog\cl.read.1.tlog
c:\users\jaime vicente arroyo\desktop\c0s1t4s\universidad\2º\tpv2\entrega\holasdl\x64\debug\holasdl.tlog\cl.write.1.tlog
c:\users\jaime vicente arroyo\desktop\c0s1t4s\universidad\2º\tpv2\entrega\holasdl\x64\debug\holasdl.tlog\link.command.1.tlog
c:\users\jaime vicente arroyo\desktop\c0s1t4s\universidad\2º\tpv2\entrega\holasdl\x64\debug\holasdl.tlog\link.read.1.tlog
c:\users\jaime vicente arroyo\desktop\c0s1t4s\universidad\2º\tpv2\entrega\holasdl\x64\debug\holasdl.tlog\link.write.1.tlog
